2023-04-02 22:58:42.400699 - Initialized conversion of CBT252
2023-04-02 22:58:42.839621 - Received CBT.V504.FILE252.PDS from FILE252.XMI 
2023-04-02 22:58:42.842510 - Found $$$#DATE.txt (text/plain) in CBT.V504.FILE252.PDS, moved to PDS/$$$#DATE
2023-04-02 22:58:42.843871 - Found $$$DOC.txt (text/plain) in CBT.V504.FILE252.PDS, moved to PDS/$$$DOC
2023-04-02 22:58:42.844918 - Found $#DOC.txt (text/plain) in CBT.V504.FILE252.PDS, moved to PDS/$#DOC
2023-04-02 22:58:42.845881 - Found @FILE252.txt (text/plain) in CBT.V504.FILE252.PDS, moved to PDS/@FILE252
2023-04-02 22:58:42.847070 - Found ABENDWTO.jcl (text/plain) in CBT.V504.FILE252.PDS, moved to PDS/ABENDWTO
2023-04-02 22:58:42.848029 - Found ABINDEX.jcl (text/plain) in CBT.V504.FILE252.PDS, moved to PDS/ABINDEX
2023-04-02 22:58:42.848985 - Found ASREXIT.jcl (text/plain) in CBT.V504.FILE252.PDS, moved to PDS/ASREXIT
2023-04-02 22:58:42.849915 - Found B2C.jcl (text/plain) in CBT.V504.FILE252.PDS, moved to PDS/B2C
2023-04-02 22:58:42.851076 - Found CATEDIT.jcl (text/plain) in CBT.V504.FILE252.PDS, moved to PDS/CATEDIT
2023-04-02 22:58:42.852039 - Found CCSCANSP.jcl (text/plain) in CBT.V504.FILE252.PDS, moved to PDS/CCSCANSP
2023-04-02 22:58:42.853070 - Found CCSCANSQ.jcl (text/plain) in CBT.V504.FILE252.PDS, moved to PDS/CCSCANSQ
2023-04-02 22:58:42.854016 - Found CDRSDASD.jcl (text/plain) in CBT.V504.FILE252.PDS, moved to PDS/CDRSDASD
2023-04-02 22:58:42.854988 - Found DATACLAS.txt (text/plain) in CBT.V504.FILE252.PDS, moved to PDS/DATACLAS
2023-04-02 22:58:42.855917 - Found DATACLSO.txt (text/plain) in CBT.V504.FILE252.PDS, moved to PDS/DATACLSO
2023-04-02 22:58:42.857142 - Found DSAOPT.txt (text/plain) in CBT.V504.FILE252.PDS, moved to PDS/DSAOPT
2023-04-02 22:58:42.858156 - Found DSATOPMA.txt (text/plain) in CBT.V504.FILE252.PDS, moved to PDS/DSATOPMA
2023-04-02 22:58:42.859344 - Found DYNADSN.jcl (text/plain) in CBT.V504.FILE252.PDS, moved to PDS/DYNADSN
2023-04-02 22:58:42.860544 - Found FDSCAN.jcl (text/plain) in CBT.V504.FILE252.PDS, moved to PDS/FDSCAN
2023-04-02 22:58:42.861795 - Found FREEALL.jcl (text/plain) in CBT.V504.FILE252.PDS, moved to PDS/FREEALL
2023-04-02 22:58:42.862887 - Found GRSUSER.jcl (text/plain) in CBT.V504.FILE252.PDS, moved to PDS/GRSUSER
2023-04-02 22:58:42.863982 - Found ICHRDSNT.jcl (text/plain) in CBT.V504.FILE252.PDS, moved to PDS/ICHRDSNT
2023-04-02 22:58:42.865029 - Found ICHRFR01.jcl (text/plain) in CBT.V504.FILE252.PDS, moved to PDS/ICHRFR01
2023-04-02 22:58:42.866055 - Found ICHRIN03.jcl (text/plain) in CBT.V504.FILE252.PDS, moved to PDS/ICHRIN03
2023-04-02 22:58:42.867104 - Found ICHRRCDE.jcl (text/plain) in CBT.V504.FILE252.PDS, moved to PDS/ICHRRCDE
2023-04-02 22:58:42.868097 - Found ICHSECOP.jcl (text/plain) in CBT.V504.FILE252.PDS, moved to PDS/ICHSECOP
2023-04-02 22:58:42.869052 - Found IGDACSDC.jcl (text/plain) in CBT.V504.FILE252.PDS, moved to PDS/IGDACSDC
2023-04-02 22:58:42.870003 - Found IGDACSMC.jcl (text/plain) in CBT.V504.FILE252.PDS, moved to PDS/IGDACSMC
2023-04-02 22:58:42.870925 - Found ISPDCNCT.jcl (text/plain) in CBT.V504.FILE252.PDS, moved to PDS/ISPDCNCT
2023-04-02 22:58:42.872012 - Found JARACCTC.txt (text/plain) in CBT.V504.FILE252.PDS, moved to PDS/JARACCTC
2023-04-02 22:58:42.872979 - Found JAXXA01.txt (text/plain) in CBT.V504.FILE252.PDS, moved to PDS/JAXXA01
2023-04-02 22:58:42.873950 - Found JESEXIT3.jcl (text/plain) in CBT.V504.FILE252.PDS, moved to PDS/JESEXIT3
2023-04-02 22:58:42.874949 - Found JSDPX01.txt (text/plain) in CBT.V504.FILE252.PDS, moved to PDS/JSDPX01
2023-04-02 22:58:42.876205 - Found JSIXT03A.txt (text/plain) in CBT.V504.FILE252.PDS, moved to PDS/JSIXT03A
2023-04-02 22:58:42.877355 - Found MGMTCLAS.txt (text/plain) in CBT.V504.FILE252.PDS, moved to PDS/MGMTCLAS
2023-04-02 22:58:42.878358 - Found MGMTCLSO.txt (text/plain) in CBT.V504.FILE252.PDS, moved to PDS/MGMTCLSO
2023-04-02 22:58:42.879374 - Found PDSTOSEQ.jcl (text/plain) in CBT.V504.FILE252.PDS, moved to PDS/PDSTOSEQ
2023-04-02 22:58:42.880405 - Found POLLDOWN.jcl (text/plain) in CBT.V504.FILE252.PDS, moved to PDS/POLLDOWN
2023-04-02 22:58:42.881543 - Found PRODXASM.jcl (text/plain) in CBT.V504.FILE252.PDS, moved to PDS/PRODXASM
2023-04-02 22:58:42.882579 - Found RACFUSER.jcl (text/plain) in CBT.V504.FILE252.PDS, moved to PDS/RACFUSER
2023-04-02 22:58:42.883868 - Found RACFUSR1.jcl (text/plain) in CBT.V504.FILE252.PDS, moved to PDS/RACFUSR1
2023-04-02 22:58:42.884890 - Found SLEEPSRC.jcl (text/plain) in CBT.V504.FILE252.PDS, moved to PDS/SLEEPSRC
2023-04-02 22:58:42.885865 - Found SMFUJI.jcl (text/plain) in CBT.V504.FILE252.PDS, moved to PDS/SMFUJI
2023-04-02 22:58:42.886896 - Found SMFUSI.jcl (text/plain) in CBT.V504.FILE252.PDS, moved to PDS/SMFUSI
2023-04-02 22:58:42.887904 - Found STOPX37A.jcl (text/plain) in CBT.V504.FILE252.PDS, moved to PDS/STOPX37A
2023-04-02 22:58:42.889193 - Found STOPX37B.jcl (text/plain) in CBT.V504.FILE252.PDS, moved to PDS/STOPX37B
2023-04-02 22:58:42.890234 - Found STORCLAS.txt (text/plain) in CBT.V504.FILE252.PDS, moved to PDS/STORCLAS
2023-04-02 22:58:42.891294 - Found STORCLSO.txt (text/plain) in CBT.V504.FILE252.PDS, moved to PDS/STORCLSO
2023-04-02 22:58:42.892420 - Found STORGRP.txt (text/plain) in CBT.V504.FILE252.PDS, moved to PDS/STORGRP
2023-04-02 22:58:42.893303 - Found STORGRPM.txt (text/plain) in CBT.V504.FILE252.PDS, moved to PDS/STORGRPM
2023-04-02 22:58:42.894145 - Found STORGRPO.txt (text/plain) in CBT.V504.FILE252.PDS, moved to PDS/STORGRPO
2023-04-02 22:58:42.895059 - Found STORGRPT.txt (text/plain) in CBT.V504.FILE252.PDS, moved to PDS/STORGRPT
2023-04-02 22:58:42.895973 - Found STORGRPX.txt (text/plain) in CBT.V504.FILE252.PDS, moved to PDS/STORGRPX
2023-04-02 22:58:42.896864 - Found TIMEOUT.jcl (text/plain) in CBT.V504.FILE252.PDS, moved to PDS/TIMEOUT
2023-04-02 22:58:42.897765 - Found VMFCLEAR.jcl (text/plain) in CBT.V504.FILE252.PDS, moved to PDS/VMFCLEAR
2023-04-02 22:58:42.898626 - Found WDUMPSRC.jcl (text/plain) in CBT.V504.FILE252.PDS, moved to PDS/WDUMPSRC
2023-04-02 22:58:42.899948 - Found WRESTSRC.jcl (text/plain) in CBT.V504.FILE252.PDS, moved to PDS/WRESTSRC
2023-04-02 22:58:42.900873 - Found XCOMCOMM.jcl (text/plain) in CBT.V504.FILE252.PDS, moved to PDS/XCOMCOMM
2023-04-02 22:58:42.901723 - Found XDSLSRC.jcl (text/plain) in CBT.V504.FILE252.PDS, moved to PDS/XDSLSRC
2023-04-02 22:58:42.902595 - Found XLIBALLD.jcl (text/plain) in CBT.V504.FILE252.PDS, moved to PDS/XLIBALLD
2023-04-02 22:58:42.903476 - Found XLIBALLS.jcl (text/plain) in CBT.V504.FILE252.PDS, moved to PDS/XLIBALLS
2023-04-02 22:58:42.904635 - Found XLIBMEML.jcl (text/plain) in CBT.V504.FILE252.PDS, moved to PDS/XLIBMEML
2023-04-02 22:58:42.905754 - Found XLIBMEMX.jcl (text/plain) in CBT.V504.FILE252.PDS, moved to PDS/XLIBMEMX
